[22:02:31] [main/INFO]: Using mbed TLS based native cipher.
[22:02:31] [main/INFO]: Using zlib based native compressor.
[22:02:31] [main/INFO]: Enabled Waterfall version git:Waterfall-Bootstrap:1.19-R0.1-SNAPSHOT:f6069e2:513
[22:02:31] [main/INFO]: Not on Windows, attempting to use enhanced EpollEventLoop
[22:02:31] [main/INFO]: Epoll is working, utilising it!
[22:02:32] [main/INFO]: Discovered module: ModuleSpec(name=cmd_alert, file=modules/cmd_alert.jar, provider=JenkinsModuleSource())
[22:02:32] [main/INFO]: Discovered module: ModuleSpec(name=cmd_find, file=modules/cmd_find.jar, provider=JenkinsModuleSource())
[22:02:32] [main/INFO]: Discovered module: ModuleSpec(name=cmd_list, file=modules/cmd_list.jar, provider=JenkinsModuleSource())
[22:02:32] [main/INFO]: Discovered module: ModuleSpec(name=cmd_send, file=modules/cmd_send.jar, provider=JenkinsModuleSource())
[22:02:32] [main/INFO]: Discovered module: ModuleSpec(name=cmd_server, file=modules/cmd_server.jar, provider=JenkinsModuleSource())
[22:02:32] [main/INFO]: Discovered module: ModuleSpec(name=reconnect_yaml, file=modules/reconnect_yaml.jar, provider=JenkinsModuleSource())
[22:02:32] [main/INFO]: Attempting to update plugin from null to ModuleVersion(build=513, git=f6069e2)
[22:02:32] [main/INFO]: Attempting to Jenkins download module cmd_alert v513
[22:02:32] [main/INFO]: Download complete
[22:02:32] [main/INFO]: Attempting to update plugin from null to ModuleVersion(build=513, git=f6069e2)
[22:02:32] [main/INFO]: Attempting to Jenkins download module cmd_find v513
[22:02:32] [main/INFO]: Download complete
[22:02:32] [main/INFO]: Attempting to update plugin from null to ModuleVersion(build=513, git=f6069e2)
[22:02:32] [main/INFO]: Attempting to Jenkins download module cmd_list v513
[22:02:32] [main/INFO]: Download complete
[22:02:32] [main/INFO]: Attempting to update plugin from null to ModuleVersion(build=513, git=f6069e2)
[22:02:32] [main/INFO]: Attempting to Jenkins download module cmd_send v513
[22:02:32] [main/INFO]: Download complete
[22:02:32] [main/INFO]: Attempting to update plugin from null to ModuleVersion(build=513, git=f6069e2)
[22:02:32] [main/INFO]: Attempting to Jenkins download module cmd_server v513
[22:02:32] [main/INFO]: Download complete
[22:02:32] [main/INFO]: Attempting to update plugin from null to ModuleVersion(build=513, git=f6069e2)
[22:02:32] [main/INFO]: Attempting to Jenkins download module reconnect_yaml v513
[22:02:32] [main/INFO]: Download complete
[22:02:32] [main/INFO]: Loaded plugin reconnect_yaml version git:reconnect_yaml:1.19-R0.1-SNAPSHOT:f6069e2:513 by WaterfallMC
[22:02:32] [main/INFO]: Loaded plugin cmd_find version git:cmd_find:1.19-R0.1-SNAPSHOT:f6069e2:513 by WaterfallMC
[22:02:32] [main/INFO]: Loaded plugin cmd_server version git:cmd_server:1.19-R0.1-SNAPSHOT:f6069e2:513 by WaterfallMC
[22:02:32] [main/INFO]: Loaded plugin cmd_alert version git:cmd_alert:1.19-R0.1-SNAPSHOT:f6069e2:513 by WaterfallMC
[22:02:32] [main/INFO]: Loaded plugin cmd_send version git:cmd_send:1.19-R0.1-SNAPSHOT:f6069e2:513 by WaterfallMC
[22:02:32] [main/INFO]: Loaded plugin cmd_list version git:cmd_list:1.19-R0.1-SNAPSHOT:f6069e2:513 by WaterfallMC
[22:02:32] [main/WARN]: :>:>:>:>:>:>:>:>:>:>:>:>:>:>:>:>:>:>:>:>:>:>:>
[22:02:32] [main/WARN]: :>  
[22:02:32] [main/WARN]: :>      EAGLERCRAFTXBUNGEE WARNING:
[22:02:32] [main/WARN]: :>  
[22:02:32] [main/WARN]: :>  This plugin wasn't tested to be 'working'
[22:02:32] [main/WARN]: :>  with ANY version of BungeeCord (and forks)
[22:02:32] [main/WARN]: :>  apart from the versions listed below:
[22:02:32] [main/WARN]: :>  
[22:02:32] [main/WARN]: :>  - BungeeCord: 1.20-R0.3-SNAPSHOT:eda268b:1797
[22:02:32] [main/WARN]: :>  - Waterfall: 1.20-R0.2-SNAPSHOT:92b5149:562
[22:02:32] [main/WARN]: :>  - FlameCord: 1.1.1
[22:02:32] [main/WARN]: :>  
[22:02:32] [main/WARN]: :>  This is not a Bukkit/Spigot plugin!
[22:02:32] [main/WARN]: :>  
[22:02:32] [main/WARN]: :>  Use "-Deaglerxbungee.stfu=true" to hide
[22:02:32] [main/WARN]: :>  
[22:02:32] [main/WARN]: :>:>:>:>:>:>:>:>:>:>:>:>:>:>:>:>:>:>:>:>:>:>:>
[22:02:32] [main/INFO] [EaglercraftXBungee]: Loading vanilla profile: lax1dude
[22:02:33] [Skin Download Thread #1/INFO] [EaglercraftXBungee]: Loaded vanilla profile: lax1dude
[22:02:33] [main/INFO]: Loaded plugin EaglercraftXBungee version 1.0.10 by lax1dude
[22:02:33] [main/WARN]: Forced host server pvp is not defined
[22:02:33] [main/INFO]: Enabled plugin reconnect_yaml version git:reconnect_yaml:1.19-R0.1-SNAPSHOT:f6069e2:513 by WaterfallMC
[22:02:33] [main/INFO]: Enabled plugin cmd_find version git:cmd_find:1.19-R0.1-SNAPSHOT:f6069e2:513 by WaterfallMC
[22:02:33] [main/INFO]: Enabled plugin cmd_server version git:cmd_server:1.19-R0.1-SNAPSHOT:f6069e2:513 by WaterfallMC
[22:02:33] [main/INFO]: Enabled plugin cmd_alert version git:cmd_alert:1.19-R0.1-SNAPSHOT:f6069e2:513 by WaterfallMC
[22:02:33] [main/INFO]: Enabled plugin cmd_send version git:cmd_send:1.19-R0.1-SNAPSHOT:f6069e2:513 by WaterfallMC
[22:02:33] [main/INFO]: Enabled plugin cmd_list version git:cmd_list:1.19-R0.1-SNAPSHOT:f6069e2:513 by WaterfallMC
[22:02:33] [main/ERROR] [EaglercraftXBungee]: Online mode is set to false! Authentication system has been disabled
[22:02:33] [main/INFO] [EaglercraftXBungee]: Downloading from maven: https://repo1.maven.org/maven2/org/xerial/sqlite-jdbc/3.45.0.0/sqlite-jdbc-3.45.0.0.jar
[22:02:33] [Netty Worker IO Thread #0/INFO] [EaglercraftXBungee]: Eaglercraft is listening on: /0.0.0.0:8081
[22:02:33] [EaglerXBungee: Network Tick Tasks/INFO] [EaglercraftXBungee]: Downloading new certificate: https://eaglercraft.com/backup.cert
[22:02:33] [EaglerXBungee: Network Tick Tasks/INFO] [EaglercraftXBungee]: Loaded certificate: /workspaces/server-test/bungee/plugins/EaglercraftXBungee/eagcert/$dl.6a314f63448f669bee13950455200751edda2564.cert
[22:02:34] [main/INFO] [EaglercraftXBungee]: Connected to database: jdbc:sqlite:eaglercraft_skins_cache.db
[22:02:34] [main/INFO]: Enabled plugin EaglercraftXBungee version 1.0.10 by lax1dude
[22:02:34] [Netty Boss IO Thread #0/INFO]: Listening on /127.0.0.1:25577
[22:04:53] [Netty Worker IO Thread #3/WARN] [EaglercraftXBungee]: Server icon is not a file: /workspaces/server-test/bungee/server-icon.png
[22:05:47] [Netty Worker IO Thread #1/INFO] [EaglercraftXBungee]: [/[0:0:0:0:0:0:0:1%0]:51374]: Connected via websocket
[22:05:47] [Netty Worker IO Thread #1/INFO] [EaglercraftXBungee]: [/[0:0:0:0:0:0:0:1%0]:51374]: Origin header is https://localhost:8081
[22:05:47] [Netty Worker IO Thread #1/INFO] [EaglercraftXBungee]: [/[0:0:0:0:0:0:0:1%0]:51374]: Logged in as 'Gaboom63'
[22:05:47] [Netty Worker IO Thread #1/INFO]: [/[0:0:0:0:0:0:0:1%0]:51374|Gaboom63] -> UpstreamBridge has connected
[22:05:47] [Netty Worker IO Thread #1/INFO]: [Gaboom63|/[0:0:0:0:0:0:0:1%0]:51374] <-> ServerConnector [lobby] has connected
[22:06:12] [Netty Worker IO Thread #1/INFO]: [/[0:0:0:0:0:0:0:1%0]:51374|Gaboom63] -> UpstreamBridge has disconnected
[22:06:12] [Netty Worker IO Thread #1/INFO]: [Gaboom63] disconnected with: Proxy lost connection to server.
[22:06:12] [Netty Worker IO Thread #1/INFO]: [/[0:0:0:0:0:0:0:1%0]:51374|Gaboom63] <-> DownstreamBridge <-> [lobby] has disconnected
